2015-12-10 17:49:10.651 TaxiAlcantarilla[5477:33836] DiskCookieStorage changing policy from 2 to 0, cookie file: file:///Users/Mirafarma/Library/Developer/CoreSimulator/Devices/FA4FF33B-344A-4CC9-A573-535B0DDBC801/data/Containers/Data/Application/0186C3B2-3386-43B4-AB90-D08ADD89B1A6/Library/Cookies/Cookies.binarycookies
2015-12-10 17:49:10.914 TaxiAlcantarilla[5477:33836] Apache Cordova native platform version 3.8.0 is starting.
2015-12-10 17:49:10.915 TaxiAlcantarilla[5477:33836] Multi-tasking -> Device: YES, App: YES
2015-12-10 17:49:10.928 TaxiAlcantarilla[5477:33836] Unlimited access to network resources
2015-12-10 17:49:11.206 TaxiAlcantarilla[5477:33836] CDVPlugin class CDVFile (pluginName: file) does not exist.
2015-12-10 17:49:11.207 TaxiAlcantarilla[5477:33836] [CDVTimer][file] 0.149012ms
2015-12-10 17:49:11.207 TaxiAlcantarilla[5477:33836] [CDVTimer][TotalPluginStartup] 0.357032ms
2015-12-10 17:49:11.559 TaxiAlcantarilla[5477:33836] Resetting plugins due to page load.
2015-12-10 17:49:11.930 TaxiAlcantarilla[5477:33836] CDVPlugin class CDVFile (pluginName: File) does not exist.
2015-12-10 17:49:11.930 TaxiAlcantarilla[5477:33836] ERROR: Plugin 'File' not found, or is not a CDVPlugin. Check your plugin mapping in config.xml.
2015-12-10 17:49:11.930 TaxiAlcantarilla[5477:33836] -[CDVCommandQueue executePending] [Line 159] FAILED pluginJSON = ["File455185639","File","requestAllPaths",[]]
2015-12-10 17:49:12.277 TaxiAlcantarilla[5477:33836] Finished load of: file:///Users/Mirafarma/Library/Developer/CoreSimulator/Devices/FA4FF33B-344A-4CC9-A573-535B0DDBC801/data/Containers/Bundle/Application/A9ABE24A-6CBA-4B25-8EAA-4E24D27DF4DC/TaxiAlcantarilla.app/www/index.html#/inicio
2015-12-16 19:10:43.680 TaxiAlcantarilla[58849:1096759] DiskCookieStorage changing policy from 2 to 0, cookie file: file:///Users/Mirafarma/Library/Developer/CoreSimulator/Devices/FA4FF33B-344A-4CC9-A573-535B0DDBC801/data/Containers/Data/Application/80F802AE-3D2E-4522-841E-20BF19077C33/Library/Cookies/Cookies.binarycookies
2015-12-16 19:10:43.978 TaxiAlcantarilla[58849:1096759] Apache Cordova native platform version 3.8.0 is starting.
2015-12-16 19:10:43.978 TaxiAlcantarilla[58849:1096759] Multi-tasking -> Device: YES, App: YES
2015-12-16 19:10:44.002 TaxiAlcantarilla[58849:1096759] Unlimited access to network resources
2015-12-16 19:10:44.274 TaxiAlcantarilla[58849:1096759] CDVPlugin class CDVFile (pluginName: file) does not exist.
2015-12-16 19:10:44.274 TaxiAlcantarilla[58849:1096759] [CDVTimer][file] 0.167012ms
2015-12-16 19:10:44.274 TaxiAlcantarilla[58849:1096759] [CDVTimer][TotalPluginStartup] 0.871003ms
2015-12-16 19:10:44.504 TaxiAlcantarilla[58849:1096759] Resetting plugins due to page load.
2015-12-16 19:10:44.933 TaxiAlcantarilla[58849:1096759] CDVPlugin class CDVFile (pluginName: File) does not exist.
2015-12-16 19:10:44.933 TaxiAlcantarilla[58849:1096759] ERROR: Plugin 'File' not found, or is not a CDVPlugin. Check your plugin mapping in config.xml.
2015-12-16 19:10:44.933 TaxiAlcantarilla[58849:1096759] -[CDVCommandQueue executePending] [Line 159] FAILED pluginJSON = ["File1633512732","File","requestAllPaths",[]]
2015-12-16 19:10:45.212 TaxiAlcantarilla[58849:1096759] Finished load of: file:///Users/Mirafarma/Library/Developer/CoreSimulator/Devices/FA4FF33B-344A-4CC9-A573-535B0DDBC801/data/Containers/Bundle/Application/340DD567-59E8-4037-B950-8FF84779CA65/TaxiAlcantarilla.app/www/index.html#/inicio
